2025-12-03 17:37:45,584 - wstg_sync - WARNING - Django no disponible: No module named 'django'. Algunas funciones no estarán disponibles.
2025-12-03 17:37:45,585 - wstg_sync - ERROR - Error en sync_from_tracker: Django no está disponible. Este módulo requiere acceso a DefectDojo.
Traceback (most recent call last):
  File "/app/app/wstg_sync.py", line 336, in sync_from_tracker
    test, _ = get_wstg_test_and_engagement()
  File "/app/app/wstg_sync.py", line 154, in get_wstg_test_and_engagement
    raise RuntimeError("Django no está disponible. Este módulo requiere acceso a DefectDojo.")
RuntimeError: Django no está disponible. Este módulo requiere acceso a DefectDojo.
2025-12-03 17:37:45,587 - wstg_sync - INFO - Sync: {"timestamp": "2025-12-03T17:37:45.587000", "wstg_id": "WSTG-INFO-01", "direction": "tracker->dd", "old_status": null, "new_status": "Done", "success": false, "error_message": "Django no est\u00e1 disponible. Este m\u00f3dulo requiere acceso a DefectDojo."}
2025-12-03 17:42:51,076 - wstg_sync - WARNING - Django no disponible: cannot import name 'Tag' from 'dojo.models' (/app/dojo/models.py). Algunas funciones no estarán disponibles.
2025-12-03 17:42:51,078 - wstg_sync - ERROR - Error en sync_from_tracker: Django no está disponible. Este módulo requiere acceso a DefectDojo.
Traceback (most recent call last):
  File "/app/app/wstg_sync.py", line 336, in sync_from_tracker
    test, _ = get_wstg_test_and_engagement()
              ~~~~~~~~~~~~~~~~~~~~~~~~~~~~^^
  File "/app/app/wstg_sync.py", line 154, in get_wstg_test_and_engagement
    raise RuntimeError("Django no está disponible. Este módulo requiere acceso a DefectDojo.")
RuntimeError: Django no está disponible. Este módulo requiere acceso a DefectDojo.
2025-12-03 17:42:51,078 - wstg_sync - INFO - Sync: {"timestamp": "2025-12-03T17:42:51.078695", "wstg_id": "WSTG-INFO-02", "direction": "tracker->dd", "old_status": null, "new_status": "In Progress", "success": false, "error_message": "Django no est\u00e1 disponible. Este m\u00f3dulo requiere acceso a DefectDojo."}
2025-12-03 17:42:52,482 - wstg_sync - WARNING - Django no disponible: cannot import name 'Tag' from 'dojo.models' (/app/dojo/models.py). Algunas funciones no estarán disponibles.
2025-12-03 17:42:52,482 - wstg_sync - ERROR - Error en sync_from_tracker: Django no está disponible. Este módulo requiere acceso a DefectDojo.
Traceback (most recent call last):
  File "/app/app/wstg_sync.py", line 336, in sync_from_tracker
    test, _ = get_wstg_test_and_engagement()
              ~~~~~~~~~~~~~~~~~~~~~~~~~~~~^^
  File "/app/app/wstg_sync.py", line 154, in get_wstg_test_and_engagement
    raise RuntimeError("Django no está disponible. Este módulo requiere acceso a DefectDojo.")
RuntimeError: Django no está disponible. Este módulo requiere acceso a DefectDojo.
2025-12-03 17:42:52,482 - wstg_sync - INFO - Sync: {"timestamp": "2025-12-03T17:42:52.482828", "wstg_id": "WSTG-INFO-03", "direction": "tracker->dd", "old_status": null, "new_status": "Done", "success": false, "error_message": "Django no est\u00e1 disponible. Este m\u00f3dulo requiere acceso a DefectDojo."}
2025-12-03 17:42:52,484 - wstg_sync - WARNING - Django no disponible: cannot import name 'Tag' from 'dojo.models' (/app/dojo/models.py). Algunas funciones no estarán disponibles.
2025-12-03 17:42:52,484 - wstg_sync - ERROR - Error en sync_from_tracker: Django no está disponible. Este módulo requiere acceso a DefectDojo.
Traceback (most recent call last):
  File "/app/app/wstg_sync.py", line 336, in sync_from_tracker
    test, _ = get_wstg_test_and_engagement()
              ~~~~~~~~~~~~~~~~~~~~~~~~~~~~^^
  File "/app/app/wstg_sync.py", line 154, in get_wstg_test_and_engagement
    raise RuntimeError("Django no está disponible. Este módulo requiere acceso a DefectDojo.")
RuntimeError: Django no está disponible. Este módulo requiere acceso a DefectDojo.
2025-12-03 17:42:52,484 - wstg_sync - INFO - Sync: {"timestamp": "2025-12-03T17:42:52.484331", "wstg_id": "WSTG-INFO-01", "direction": "tracker->dd", "old_status": null, "new_status": "Done", "success": false, "error_message": "Django no est\u00e1 disponible. Este m\u00f3dulo requiere acceso a DefectDojo."}
2025-12-03 17:42:52,485 - wstg_sync - WARNING - Django no disponible: cannot import name 'Tag' from 'dojo.models' (/app/dojo/models.py). Algunas funciones no estarán disponibles.
2025-12-03 17:43:51,089 - wstg_sync - INFO - Django inicializado correctamente
2025-12-03 17:43:51,874 - wstg_sync - ERROR - Error en sync_from_tracker: 'NoneType' object has no attribute 'objects'
Traceback (most recent call last):
  File "/app/app/wstg_sync.py", line 344, in sync_from_tracker
    finding = create_finding_from_wstg(wstg_id, status, notes, test)
  File "/app/app/wstg_sync.py", line 285, in create_finding_from_wstg
    tag_wstg, _ = _Tag.objects.get_or_create(name='WSTG')
                  ^^^^^^^^^^^^
AttributeError: 'NoneType' object has no attribute 'objects'
2025-12-03 17:43:51,875 - wstg_sync - INFO - Sync: {"timestamp": "2025-12-03T17:43:51.875201", "wstg_id": "WSTG-INFO-02", "direction": "tracker->dd", "old_status": null, "new_status": "In Progress", "success": false, "error_message": "'NoneType' object has no attribute 'objects'"}
2025-12-03 17:43:53,588 - wstg_sync - INFO - Django inicializado correctamente
2025-12-03 17:43:54,282 - wstg_sync - ERROR - Error en sync_from_tracker: 'NoneType' object has no attribute 'objects'
Traceback (most recent call last):
  File "/app/app/wstg_sync.py", line 344, in sync_from_tracker
    finding = create_finding_from_wstg(wstg_id, status, notes, test)
  File "/app/app/wstg_sync.py", line 285, in create_finding_from_wstg
    tag_wstg, _ = _Tag.objects.get_or_create(name='WSTG')
                  ^^^^^^^^^^^^
AttributeError: 'NoneType' object has no attribute 'objects'
2025-12-03 17:43:54,282 - wstg_sync - INFO - Sync: {"timestamp": "2025-12-03T17:43:54.282454", "wstg_id": "WSTG-INFO-03", "direction": "tracker->dd", "old_status": null, "new_status": "Done", "success": false, "error_message": "'NoneType' object has no attribute 'objects'"}
2025-12-03 17:43:54,295 - wstg_sync - ERROR - Error en sync_from_tracker: 'NoneType' object has no attribute 'objects'
Traceback (most recent call last):
  File "/app/app/wstg_sync.py", line 344, in sync_from_tracker
    finding = create_finding_from_wstg(wstg_id, status, notes, test)
  File "/app/app/wstg_sync.py", line 285, in create_finding_from_wstg
    tag_wstg, _ = _Tag.objects.get_or_create(name='WSTG')
                  ^^^^^^^^^^^^
AttributeError: 'NoneType' object has no attribute 'objects'
2025-12-03 17:43:54,296 - wstg_sync - INFO - Sync: {"timestamp": "2025-12-03T17:43:54.296211", "wstg_id": "WSTG-INFO-01", "direction": "tracker->dd", "old_status": null, "new_status": "Done", "success": false, "error_message": "'NoneType' object has no attribute 'objects'"}
2025-12-03 17:43:59,630 - wstg_sync - INFO - Django inicializado correctamente
2025-12-03 17:44:00,299 - wstg_sync - ERROR - Error en sync_from_tracker: 'NoneType' object has no attribute 'objects'
Traceback (most recent call last):
  File "/app/app/wstg_sync.py", line 344, in sync_from_tracker
    finding = create_finding_from_wstg(wstg_id, status, notes, test)
  File "/app/app/wstg_sync.py", line 285, in create_finding_from_wstg
    tag_wstg, _ = _Tag.objects.get_or_create(name='WSTG')
                  ^^^^^^^^^^^^
AttributeError: 'NoneType' object has no attribute 'objects'
2025-12-03 17:44:00,300 - wstg_sync - INFO - Sync: {"timestamp": "2025-12-03T17:44:00.300001", "wstg_id": "WSTG-INFO-03", "direction": "tracker->dd", "old_status": null, "new_status": "Done", "success": false, "error_message": "'NoneType' object has no attribute 'objects'"}
2025-12-03 17:44:00,313 - wstg_sync - ERROR - Error en sync_from_tracker: 'NoneType' object has no attribute 'objects'
Traceback (most recent call last):
  File "/app/app/wstg_sync.py", line 344, in sync_from_tracker
    finding = create_finding_from_wstg(wstg_id, status, notes, test)
  File "/app/app/wstg_sync.py", line 285, in create_finding_from_wstg
    tag_wstg, _ = _Tag.objects.get_or_create(name='WSTG')
                  ^^^^^^^^^^^^
AttributeError: 'NoneType' object has no attribute 'objects'
2025-12-03 17:44:00,313 - wstg_sync - INFO - Sync: {"timestamp": "2025-12-03T17:44:00.313614", "wstg_id": "WSTG-INFO-04", "direction": "tracker->dd", "old_status": null, "new_status": "Done", "success": false, "error_message": "'NoneType' object has no attribute 'objects'"}
2025-12-03 17:44:00,325 - wstg_sync - ERROR - Error en sync_from_tracker: 'NoneType' object has no attribute 'objects'
Traceback (most recent call last):
  File "/app/app/wstg_sync.py", line 344, in sync_from_tracker
    finding = create_finding_from_wstg(wstg_id, status, notes, test)
  File "/app/app/wstg_sync.py", line 285, in create_finding_from_wstg
    tag_wstg, _ = _Tag.objects.get_or_create(name='WSTG')
                  ^^^^^^^^^^^^
AttributeError: 'NoneType' object has no attribute 'objects'
2025-12-03 17:44:00,325 - wstg_sync - INFO - Sync: {"timestamp": "2025-12-03T17:44:00.325844", "wstg_id": "WSTG-INFO-01", "direction": "tracker->dd", "old_status": null, "new_status": "Done", "success": false, "error_message": "'NoneType' object has no attribute 'objects'"}
2025-12-03 17:45:15,110 - wstg_sync - INFO - Django inicializado correctamente
2025-12-03 17:45:15,796 - wstg_sync - INFO - Finding creado: 13 para WSTG-INFO-05
2025-12-03 17:45:15,797 - wstg_sync - INFO - Sync: {"timestamp": "2025-12-03T17:45:15.797766", "wstg_id": "WSTG-INFO-05", "direction": "tracker->dd", "old_status": null, "new_status": "Done", "success": true, "error_message": ""}
2025-12-03 17:45:17,667 - wstg_sync - INFO - Django inicializado correctamente
2025-12-03 17:45:18,343 - wstg_sync - INFO - Finding creado: 14 para WSTG-INFO-03
2025-12-03 17:45:18,344 - wstg_sync - INFO - Sync: {"timestamp": "2025-12-03T17:45:18.344577", "wstg_id": "WSTG-INFO-03", "direction": "tracker->dd", "old_status": null, "new_status": "Done", "success": true, "error_message": ""}
2025-12-03 17:45:18,361 - wstg_sync - INFO - Finding creado: 15 para WSTG-INFO-04
2025-12-03 17:45:18,362 - wstg_sync - INFO - Sync: {"timestamp": "2025-12-03T17:45:18.362583", "wstg_id": "WSTG-INFO-04", "direction": "tracker->dd", "old_status": null, "new_status": "Done", "success": true, "error_message": ""}
2025-12-03 17:45:18,377 - wstg_sync - INFO - Finding creado: 16 para WSTG-INFO-01
2025-12-03 17:45:18,378 - wstg_sync - INFO - Sync: {"timestamp": "2025-12-03T17:45:18.378590", "wstg_id": "WSTG-INFO-01", "direction": "tracker->dd", "old_status": null, "new_status": "Done", "success": true, "error_message": ""}
2025-12-04 15:58:53,221 - wstg_sync - INFO - Django inicializado correctamente
2025-12-04 15:59:58,464 - wstg_sync - INFO - Django inicializado correctamente
2025-12-04 18:09:31,214 - wstg_sync - INFO - Django inicializado correctamente
2025-12-04 18:48:24,362 - wstg_sync - INFO - Django inicializado correctamente
2025-12-04 19:11:43,139 - wstg_sync - INFO - Django inicializado correctamente
